---------------------------------------
Resource Usage Report for corePackage 

Mapping to part: ice40hx1kvq100
Cell usage:
GND             1 use
SB_DFF          12 uses
SB_DFFSR        1 use
SB_DFFSS        1 use
VCC             1 use
SB_LUT4         34 uses

I/O ports: 3
I/O primitives: 2
SB_GB_IO       1 use
SB_IO          1 use

I/O Register bits:                  0
Register bits not including I/Os:   14 (1%)

@S |Mapping Summary:
Total  LUTs: 34 (2%)

Distribution of All Consumed LUTs = LUT4 
Distribution of All Consumed Luts 34 = 34 

